<?xml version="1.0" encoding="UTF-8"?>
<testng-results ignored="0" total="1" passed="1" failed="0" skipped="0">
  <reporter-output>
    <line>
      <![CDATA[i am login]]>
    </line>
  </reporter-output>
  <suite started-at="2023-09-06T09:25:09 IST" name="Default suite" finished-at="2023-09-06T09:25:09 IST" duration-ms="50">
    <groups>
    </groups>
    <test started-at="2023-09-06T09:25:09 IST" name="Default test" finished-at="2023-09-06T09:25:09 IST" duration-ms="50">
      <class name="testng_flags.times_out">
        <test-method signature="login()[pri:0, instance:testng_flags.times_out@402bba4f]" started-at="2023-09-06T09:25:09 IST" name="login" finished-at="2023-09-06T09:25:09 IST" duration-ms="14" status="PASS">
          <reporter-output>
            <line>
              <![CDATA[i am login]]>
            </line>
          </reporter-output>
        </test-method> <!-- login -->
      </class> <!-- testng_flags.times_out -->
    </test> <!-- Default test -->
  </suite> <!-- Default suite -->
</testng-results>
